This is pdfTeX, Version 3.141592653-2.6-1.40.25 (MiKTeX 23.10) (preloaded format=pdflatex 2023.11.25)  11 JUN 2024 18:45
entering extended mode
 \write18 enabled.
 %&-line parsing enabled.
**./template_Article.tex
(template_Article.tex
LaTeX2e <2023-06-01> patch level 1
L3 programming layer <2023-08-29>
(C:\Program Files\MiKTeX\tex/latex/base\article.cls
Document Class: article 2023/05/17 v1.4n Standard LaTeX document class
(C:\Program Files\MiKTeX\tex/latex/base\size12.clo
File: size12.clo 2023/05/17 v1.4n Standard LaTeX file (size option)
)
\c@part=\count185
\c@section=\count186
\c@subsection=\count187
\c@subsubsection=\count188
\c@paragraph=\count189
\c@subparagraph=\count190
\c@figure=\count191
\c@table=\count192
\abovecaptionskip=\skip48
\belowcaptionskip=\skip49
\bibindent=\dimen140
)
(C:\Program Files\MiKTeX\tex/latex/geometry\geometry.sty
Package: geometry 2020/01/02 v5.9 Page Geometry

(C:\Program Files\MiKTeX\tex/latex/graphics\keyval.sty
Package: keyval 2022/05/29 v1.15 key=value parser (DPC)
\KV@toks@=\toks17
)
(C:\Program Files\MiKTeX\tex/generic/iftex\ifvtex.sty
Package: ifvtex 2019/10/25 v1.7 ifvtex legacy package. Use iftex instead.

(C:\Program Files\MiKTeX\tex/generic/iftex\iftex.sty
Package: iftex 2022/02/03 v1.0f TeX engine tests
))
\Gm@cnth=\count193
\Gm@cntv=\count194
\c@Gm@tempcnt=\count195
\Gm@bindingoffset=\dimen141
\Gm@wd@mp=\dimen142
\Gm@odd@mp=\dimen143
\Gm@even@mp=\dimen144
\Gm@layoutwidth=\dimen145
\Gm@layoutheight=\dimen146
\Gm@layouthoffset=\dimen147
\Gm@layoutvoffset=\dimen148
\Gm@dimlist=\toks18

(C:\Program Files\MiKTeX\tex/latex/geometry\geometry.cfg))
(C:\Program Files\MiKTeX\tex/latex/base\inputenc.sty
Package: inputenc 2021/02/14 v1.3d Input encoding file
\inpenc@prehook=\toks19
\inpenc@posthook=\toks20
)
(C:\Program Files\MiKTeX\tex/generic/babel\babel.sty
Package: babel 2023/09/29 v3.95 The Babel package
\babel@savecnt=\count196
\U@D=\dimen149
\l@unhyphenated=\language79

(C:\Program Files\MiKTeX\tex/generic/babel\txtbabel.def)
\bbl@readstream=\read2
\bbl@dirlevel=\count197

*************************************
* Local config file bblopts.cfg used
*
(C:\Program Files\MiKTeX\tex/latex/arabi\bblopts.cfg
File: bblopts.cfg 2005/09/08 v0.1 add Arabic and Farsi to "declared" options of
 babel
)
(C:\Program Files\MiKTeX\tex/latex/babel-polish\polish.ldf
Language: polish 2022/03/12 1.3 Babel support for Polish
Package babel Info: Making " an active character on input line 101.
))
(C:\Program Files\MiKTeX\tex/generic/babel/locale/pl\babel-polish.tex
Package babel Info: Importing font and identification data for polish
(babel)             from babel-pl.ini. Reported on input line 11.
)
(C:\Program Files\MiKTeX\tex/latex/base\fontenc.sty
Package: fontenc 2021/04/29 v2.0v Standard LaTeX package
)
(C:\Program Files\MiKTeX\tex/latex/lm\lmodern.sty
Package: lmodern 2015/05/01 v1.6.1 Latin Modern Fonts
LaTeX Font Info:    Overwriting symbol font `operators' in version `normal'
(Font)                  OT1/cmr/m/n --> OT1/lmr/m/n on input line 22.
LaTeX Font Info:    Overwriting symbol font `letters' in version `normal'
(Font)                  OML/cmm/m/it --> OML/lmm/m/it on input line 23.
LaTeX Font Info:    Overwriting symbol font `symbols' in version `normal'
(Font)                  OMS/cmsy/m/n --> OMS/lmsy/m/n on input line 24.
LaTeX Font Info:    Overwriting symbol font `largesymbols' in version `normal'
(Font)                  OMX/cmex/m/n --> OMX/lmex/m/n on input line 25.
LaTeX Font Info:    Overwriting symbol font `operators' in version `bold'
(Font)                  OT1/cmr/bx/n --> OT1/lmr/bx/n on input line 26.
LaTeX Font Info:    Overwriting symbol font `letters' in version `bold'
(Font)                  OML/cmm/b/it --> OML/lmm/b/it on input line 27.
LaTeX Font Info:    Overwriting symbol font `symbols' in version `bold'
(Font)                  OMS/cmsy/b/n --> OMS/lmsy/b/n on input line 28.
LaTeX Font Info:    Overwriting symbol font `largesymbols' in version `bold'
(Font)                  OMX/cmex/m/n --> OMX/lmex/m/n on input line 29.
LaTeX Font Info:    Overwriting math alphabet `\mathbf' in version `normal'
(Font)                  OT1/cmr/bx/n --> OT1/lmr/bx/n on input line 31.
LaTeX Font Info:    Overwriting math alphabet `\mathsf' in version `normal'
(Font)                  OT1/cmss/m/n --> OT1/lmss/m/n on input line 32.
LaTeX Font Info:    Overwriting math alphabet `\mathit' in version `normal'
(Font)                  OT1/cmr/m/it --> OT1/lmr/m/it on input line 33.
LaTeX Font Info:    Overwriting math alphabet `\mathtt' in version `normal'
(Font)                  OT1/cmtt/m/n --> OT1/lmtt/m/n on input line 34.
LaTeX Font Info:    Overwriting math alphabet `\mathbf' in version `bold'
(Font)                  OT1/cmr/bx/n --> OT1/lmr/bx/n on input line 35.
LaTeX Font Info:    Overwriting math alphabet `\mathsf' in version `bold'
(Font)                  OT1/cmss/bx/n --> OT1/lmss/bx/n on input line 36.
LaTeX Font Info:    Overwriting math alphabet `\mathit' in version `bold'
(Font)                  OT1/cmr/bx/it --> OT1/lmr/bx/it on input line 37.
LaTeX Font Info:    Overwriting math alphabet `\mathtt' in version `bold'
(Font)                  OT1/cmtt/m/n --> OT1/lmtt/m/n on input line 38.
)
(C:\Program Files\MiKTeX\tex/latex/minted\minted.sty
Package: minted 2023/12/18 v2.9 Yet another Pygments shim for LaTeX

(C:\Program Files\MiKTeX\tex/latex/kvoptions\kvoptions.sty
Package: kvoptions 2022-06-15 v3.15 Key value format for package options (HO)

(C:\Program Files\MiKTeX\tex/generic/ltxcmds\ltxcmds.sty
Package: ltxcmds 2020-05-10 v1.25 LaTeX kernel commands for general use (HO)
)
(C:\Program Files\MiKTeX\tex/latex/kvsetkeys\kvsetkeys.sty
Package: kvsetkeys 2022-10-05 v1.19 Key value parser (HO)
))
(C:\Program Files\MiKTeX\tex/latex/fvextra\fvextra.sty
Package: fvextra 2023/11/28 v1.6.1 fvextra - extensions and patches for fancyvr
b

(C:\Program Files\MiKTeX\tex/latex/etoolbox\etoolbox.sty
Package: etoolbox 2020/10/05 v2.5k e-TeX tools for LaTeX (JAW)
\etb@tempcnta=\count198
)
(C:\Program Files\MiKTeX\tex/latex/fancyvrb\fancyvrb.sty
Package: fancyvrb 2023/11/06 4.5b verbatim text (tvz,hv)
\FV@CodeLineNo=\count199
\FV@InFile=\read3
\FV@TabBox=\box51
\c@FancyVerbLine=\count266
\FV@StepNumber=\count267
\FV@OutFile=\write3
)
(C:\Program Files\MiKTeX\tex/latex/upquote\upquote.sty
Package: upquote 2012/04/19 v1.3 upright-quote and grave-accent glyphs in verba
tim

(C:\Program Files\MiKTeX\tex/latex/base\textcomp.sty
Package: textcomp 2020/02/02 v2.0n Standard LaTeX package
))
(C:\Program Files\MiKTeX\tex/latex/lineno\lineno.sty
Package: lineno 2023/05/20 line numbers on paragraphs v5.3
\linenopenalty=\count268
\output=\toks21
\linenoprevgraf=\count269
\linenumbersep=\dimen150
\linenumberwidth=\dimen151
\c@linenumber=\count270
\c@pagewiselinenumber=\count271
\c@LN@truepage=\count272
\c@internallinenumber=\count273
\c@internallinenumbers=\count274
\quotelinenumbersep=\dimen152
\bframerule=\dimen153
\bframesep=\dimen154
\bframebox=\box52
LaTeX Info: Redefining \\ on input line 3180.
)
\c@FancyVerbWriteLine=\count275
\c@FancyVerbBufferIndex=\count276
\c@FancyVerbBufferLength=\count277
\c@FancyVerbBufferLine=\count278
\c@FV@oldbufferlength=\count279
\c@FV@TrueTabGroupLevel=\count280
\c@FV@TrueTabCounter=\count281
\FV@TabBox@Group=\box53
\FV@TmpLength=\skip50
\c@FV@HighlightLinesStart=\count282
\c@FV@HighlightLinesStop=\count283
\FV@LoopCount=\count284
\FV@NCharsBox=\box54
\FV@BreakIndent=\dimen155
\FV@BreakIndentNChars=\count285
\FV@BreakSymbolSepLeft=\dimen156
\FV@BreakSymbolSepLeftNChars=\count286
\FV@BreakSymbolSepRight=\dimen157
\FV@BreakSymbolSepRightNChars=\count287
\FV@BreakSymbolIndentLeft=\dimen158
\FV@BreakSymbolIndentLeftNChars=\count288
\FV@BreakSymbolIndentRight=\dimen159
\FV@BreakSymbolIndentRightNChars=\count289
\c@FancyVerbLineBreakLast=\count290
\FV@LineBox=\box55
\FV@LineIndentBox=\box56
\c@FV@BreakBufferDepth=\count291
\FV@LineWidth=\dimen160
)
(C:\Program Files\MiKTeX\tex/latex/base\ifthen.sty
Package: ifthen 2022/04/13 v1.1d Standard LaTeX ifthen package (DPC)
)
(C:\Program Files\MiKTeX\tex/latex/tools\shellesc.sty
Package: shellesc 2023/04/15 v1.0d unified shell escape interface for LaTeX
Package shellesc Info: Unrestricted shell escape enabled on input line 75.
)
(C:\Program Files\MiKTeX\tex/latex/ifplatform\ifplatform.sty
Package: ifplatform 2017/10/13 v0.4a Testing for the operating system

(C:\Program Files\MiKTeX\tex/generic/pdftexcmds\pdftexcmds.sty
Package: pdftexcmds 2020-06-27 v0.33 Utility functions of pdfTeX for LuaTeX (HO
)

(C:\Program Files\MiKTeX\tex/generic/infwarerr\infwarerr.sty
Package: infwarerr 2019/12/03 v1.5 Providing info/warning/error messages (HO)
)
Package pdftexcmds Info: \pdf@primitive is available.
Package pdftexcmds Info: \pdf@ifprimitive is available.
Package pdftexcmds Info: \pdfdraftmode found.
)
(C:\Program Files\MiKTeX\tex/generic/catchfile\catchfile.sty
Package: catchfile 2019/12/09 v1.8 Catch the contents of a file (HO)

(C:\Program Files\MiKTeX\tex/generic/etexcmds\etexcmds.sty
Package: etexcmds 2019/12/15 v1.7 Avoid name clashes with e-TeX commands (HO)
))
(C:\Program Files\MiKTeX\tex/generic/iftex\ifluatex.sty
Package: ifluatex 2019/10/25 v1.5 ifluatex legacy package. Use iftex instead.
))
(C:\Program Files\MiKTeX\tex/latex/xstring\xstring.sty
(C:\Program Files\MiKTeX\tex/generic/xstring\xstring.tex
\xs_counta=\count292
\xs_countb=\count293
)
Package: xstring 2023/08/22 v1.86 String manipulations (CT)
)
(C:\Program Files\MiKTeX\tex/latex/framed\framed.sty
Package: framed 2011/10/22 v 0.96: framed or shaded text with page breaks
\OuterFrameSep=\skip51
\fb@frw=\dimen161
\fb@frh=\dimen162
\FrameRule=\dimen163
\FrameSep=\dimen164
)
(C:\Program Files\MiKTeX\tex/latex/float\float.sty
Package: float 2001/11/08 v1.3d Float enhancements (AL)
\c@float@type=\count294
\float@exts=\toks22
\float@box=\box57
\@float@everytoks=\toks23
\@floatcapt=\box58
)
\minted@appexistsfile=\read4
\minted@bgbox=\box59
\minted@code=\write4
\c@minted@FancyVerbLineTemp=\count295
\c@minted@pygmentizecounter=\count296
\@float@every@listing=\toks24
\c@listing=\count297
)
runsystem(if not exist _minted-template_Article mkdir _minted-template_Article)
...executed.


(C:\Program Files\MiKTeX\tex/latex/tocloft\tocloft.sty
Package: tocloft 2017/08/31 v2.3i parameterised ToC, etc., typesetting
Package tocloft Info: The document has section divisions on input line 51.
\cftparskip=\skip52
\cftbeforetoctitleskip=\skip53
\cftaftertoctitleskip=\skip54
\cftbeforepartskip=\skip55
\cftpartnumwidth=\skip56
\cftpartindent=\skip57
\cftbeforesecskip=\skip58
\cftsecindent=\skip59
\cftsecnumwidth=\skip60
\cftbeforesubsecskip=\skip61
\cftsubsecindent=\skip62
\cftsubsecnumwidth=\skip63
\cftbeforesubsubsecskip=\skip64
\cftsubsubsecindent=\skip65
\cftsubsubsecnumwidth=\skip66
\cftbeforeparaskip=\skip67
\cftparaindent=\skip68
\cftparanumwidth=\skip69
\cftbeforesubparaskip=\skip70
\cftsubparaindent=\skip71
\cftsubparanumwidth=\skip72
\cftbeforeloftitleskip=\skip73
\cftafterloftitleskip=\skip74
\cftbeforefigskip=\skip75
\cftfigindent=\skip76
\cftfignumwidth=\skip77
\c@lofdepth=\count298
\c@lotdepth=\count299
\cftbeforelottitleskip=\skip78
\cftafterlottitleskip=\skip79
\cftbeforetabskip=\skip80
\cfttabindent=\skip81
\cfttabnumwidth=\skip82
)
(C:\Program Files\MiKTeX\tex/latex/titlesec\titletoc.sty
Package: titletoc 2023/10/27 v2.16 TOC entries
\ttl@leftsep=\dimen165
)
(C:\Program Files\MiKTeX\tex/latex/secdot\secdot.sty
Package: secdot 2000/06/20 v1.0 section numbers with dots
)
(C:\Program Files\MiKTeX\tex/latex/graphics\graphicx.sty
Package: graphicx 2021/09/16 v1.2d Enhanced LaTeX Graphics (DPC,SPQR)

(C:\Program Files\MiKTeX\tex/latex/graphics\graphics.sty
Package: graphics 2022/03/10 v1.4e Standard LaTeX Graphics (DPC,SPQR)

(C:\Program Files\MiKTeX\tex/latex/graphics\trig.sty
Package: trig 2021/08/11 v1.11 sin cos tan (DPC)
)
(C:\Program Files\MiKTeX\tex/latex/graphics-cfg\graphics.cfg
File: graphics.cfg 2016/06/04 v1.11 sample graphics configuration
)
Package graphics Info: Driver file: pdftex.def on input line 107.

(C:\Program Files\MiKTeX\tex/latex/graphics-def\pdftex.def
File: pdftex.def 2022/09/22 v1.2b Graphics/color driver for pdftex
))
\Gin@req@height=\dimen166
\Gin@req@width=\dimen167
)
(C:\Program Files\MiKTeX\tex/latex/hyperref\hyperref.sty
Package: hyperref 2023-07-08 v7.01b Hypertext links for LaTeX

(C:\Program Files\MiKTeX\tex/generic/kvdefinekeys\kvdefinekeys.sty
Package: kvdefinekeys 2019-12-19 v1.6 Define keys (HO)
)
(C:\Program Files\MiKTeX\tex/generic/pdfescape\pdfescape.sty
Package: pdfescape 2019/12/09 v1.15 Implements pdfTeX's escape features (HO)
)
(C:\Program Files\MiKTeX\tex/latex/hycolor\hycolor.sty
Package: hycolor 2020-01-27 v1.10 Color options for hyperref/bookmark (HO)
)
(C:\Program Files\MiKTeX\tex/latex/letltxmacro\letltxmacro.sty
Package: letltxmacro 2019/12/03 v1.6 Let assignment for LaTeX macros (HO)
)
(C:\Program Files\MiKTeX\tex/latex/auxhook\auxhook.sty
Package: auxhook 2019-12-17 v1.6 Hooks for auxiliary files (HO)
)
(C:\Program Files\MiKTeX\tex/latex/hyperref\nameref.sty
Package: nameref 2023-08-07 v2.53 Cross-referencing by name of section

(C:\Program Files\MiKTeX\tex/latex/refcount\refcount.sty
Package: refcount 2019/12/15 v3.6 Data extraction from label references (HO)
)
(C:\Program Files\MiKTeX\tex/generic/gettitlestring\gettitlestring.sty
Package: gettitlestring 2019/12/15 v1.6 Cleanup title references (HO)
)
\c@section@level=\count300
)
\@linkdim=\dimen168
\Hy@linkcounter=\count301
\Hy@pagecounter=\count302

(C:\Program Files\MiKTeX\tex/latex/hyperref\pd1enc.def
File: pd1enc.def 2023-07-08 v7.01b Hyperref: PDFDocEncoding definition (HO)
Now handling font encoding PD1 ...
... no UTF-8 mapping file for font encoding PD1
)
(C:\Program Files\MiKTeX\tex/generic/intcalc\intcalc.sty
Package: intcalc 2019/12/15 v1.3 Expandable calculations with integers (HO)
)
\Hy@SavedSpaceFactor=\count303

(C:\Program Files\MiKTeX\tex/latex/hyperref\puenc.def
File: puenc.def 2023-07-08 v7.01b Hyperref: PDF Unicode definition (HO)
Now handling font encoding PU ...
... no UTF-8 mapping file for font encoding PU
)
Package hyperref Info: Hyper figures OFF on input line 4167.
Package hyperref Info: Link nesting OFF on input line 4172.
Package hyperref Info: Hyper index ON on input line 4175.
Package hyperref Info: Plain pages OFF on input line 4182.
Package hyperref Info: Backreferencing OFF on input line 4187.
Package hyperref Info: Implicit mode ON; LaTeX internals redefined.
Package hyperref Info: Bookmarks ON on input line 4434.
\c@Hy@tempcnt=\count304

(C:\Program Files\MiKTeX\tex/latex/url\url.sty
\Urlmuskip=\muskip16
Package: url 2013/09/16  ver 3.4  Verb mode for urls, etc.
)
LaTeX Info: Redefining \url on input line 4772.
\XeTeXLinkMargin=\dimen169

(C:\Program Files\MiKTeX\tex/generic/bitset\bitset.sty
Package: bitset 2019/12/09 v1.3 Handle bit-vector datatype (HO)

(C:\Program Files\MiKTeX\tex/generic/bigintcalc\bigintcalc.sty
Package: bigintcalc 2019/12/15 v1.5 Expandable calculations on big integers (HO
)
))
\Fld@menulength=\count305
\Field@Width=\dimen170
\Fld@charsize=\dimen171
Package hyperref Info: Hyper figures OFF on input line 6051.
Package hyperref Info: Link nesting OFF on input line 6056.
Package hyperref Info: Hyper index ON on input line 6059.
Package hyperref Info: backreferencing OFF on input line 6066.
Package hyperref Info: Link coloring OFF on input line 6071.
Package hyperref Info: Link coloring with OCG OFF on input line 6076.
Package hyperref Info: PDF/A mode OFF on input line 6081.

(C:\Program Files\MiKTeX\tex/latex/base\atbegshi-ltx.sty
Package: atbegshi-ltx 2021/01/10 v1.0c Emulation of the original atbegshi
package with kernel methods
)
\Hy@abspage=\count306
\c@Item=\count307
\c@Hfootnote=\count308
)
Package hyperref Info: Driver (autodetected): hpdftex.

(C:\Program Files\MiKTeX\tex/latex/hyperref\hpdftex.def
File: hpdftex.def 2023-07-08 v7.01b Hyperref driver for pdfTeX

(C:\Program Files\MiKTeX\tex/latex/base\atveryend-ltx.sty
Package: atveryend-ltx 2020/08/19 v1.0a Emulation of the original atveryend pac
kage
with kernel methods
)
\Fld@listcount=\count309
\c@bookmark@seq@number=\count310

(C:\Program Files\MiKTeX\tex/latex/rerunfilecheck\rerunfilecheck.sty
Package: rerunfilecheck 2022-07-10 v1.10 Rerun checks for auxiliary files (HO)

(C:\Program Files\MiKTeX\tex/generic/uniquecounter\uniquecounter.sty
Package: uniquecounter 2019/12/15 v1.4 Provide unlimited unique counter (HO)
)
Package uniquecounter Info: New unique counter `rerunfilecheck' on input line 2
85.
)
\Hy@SectionHShift=\skip83
)
(C:\Program Files\MiKTeX\tex/latex/amsmath\amsmath.sty
Package: amsmath 2023/05/13 v2.17o AMS math features
\@mathmargin=\skip84

For additional information on amsmath, use the `?' option.
(C:\Program Files\MiKTeX\tex/latex/amsmath\amstext.sty
Package: amstext 2021/08/26 v2.01 AMS text

(C:\Program Files\MiKTeX\tex/latex/amsmath\amsgen.sty
File: amsgen.sty 1999/11/30 v2.0 generic functions
\@emptytoks=\toks25
\ex@=\dimen172
))
(C:\Program Files\MiKTeX\tex/latex/amsmath\amsbsy.sty
Package: amsbsy 1999/11/29 v1.2d Bold Symbols
\pmbraise@=\dimen173
)
(C:\Program Files\MiKTeX\tex/latex/amsmath\amsopn.sty
Package: amsopn 2022/04/08 v2.04 operator names
)
\inf@bad=\count311
LaTeX Info: Redefining \frac on input line 234.
\uproot@=\count312
\leftroot@=\count313
LaTeX Info: Redefining \overline on input line 399.
LaTeX Info: Redefining \colon on input line 410.
\classnum@=\count314
\DOTSCASE@=\count315
LaTeX Info: Redefining \ldots on input line 496.
LaTeX Info: Redefining \dots on input line 499.
LaTeX Info: Redefining \cdots on input line 620.
\Mathstrutbox@=\box60
\strutbox@=\box61
LaTeX Info: Redefining \big on input line 722.
LaTeX Info: Redefining \Big on input line 723.
LaTeX Info: Redefining \bigg on input line 724.
LaTeX Info: Redefining \Bigg on input line 725.
\big@size=\dimen174
LaTeX Font Info:    Redeclaring font encoding OML on input line 743.
LaTeX Font Info:    Redeclaring font encoding OMS on input line 744.
\macc@depth=\count316
LaTeX Info: Redefining \bmod on input line 905.
LaTeX Info: Redefining \pmod on input line 910.
LaTeX Info: Redefining \smash on input line 940.
LaTeX Info: Redefining \relbar on input line 970.
LaTeX Info: Redefining \Relbar on input line 971.
\c@MaxMatrixCols=\count317
\dotsspace@=\muskip17
\c@parentequation=\count318
\dspbrk@lvl=\count319
\tag@help=\toks26
\row@=\count320
\column@=\count321
\maxfields@=\count322
\andhelp@=\toks27
\eqnshift@=\dimen175
\alignsep@=\dimen176
\tagshift@=\dimen177
\tagwidth@=\dimen178
\totwidth@=\dimen179
\lineht@=\dimen180
\@envbody=\toks28
\multlinegap=\skip85
\multlinetaggap=\skip86
\mathdisplay@stack=\toks29
LaTeX Info: Redefining \[ on input line 2953.
LaTeX Info: Redefining \] on input line 2954.
)
\linenoamsmath@ams@eqpen=\count323

(C:\Program Files\MiKTeX\tex/latex/wrapfig\wrapfig.sty
\wrapoverhang=\dimen181
\WF@size=\dimen182
\c@WF@wrappedlines=\count324
\WF@box=\box62
\WF@everypar=\toks30
Package: wrapfig 2003/01/31  v 3.6
)
(C:\Program Files\MiKTeX\tex/latex/caption\caption.sty
Package: caption 2023/08/05 v3.6o Customizing captions (AR)

(C:\Program Files\MiKTeX\tex/latex/caption\caption3.sty
Package: caption3 2023/07/31 v2.4d caption3 kernel (AR)
\caption@tempdima=\dimen183
\captionmargin=\dimen184
\caption@leftmargin=\dimen185
\caption@rightmargin=\dimen186
\caption@width=\dimen187
\caption@indent=\dimen188
\caption@parindent=\dimen189
\caption@hangindent=\dimen190
Package caption Info: Standard document class detected.
)
\c@caption@flags=\count325
\c@continuedfloat=\count326
Package caption Info: float package is loaded.
Package caption Info: hyperref package is loaded.
Package caption Info: wrapfig package is loaded.
)
(C:\Program Files\MiKTeX\tex/latex/enumitem\enumitem.sty
Package: enumitem 2019/06/20 v3.9 Customized lists
\labelindent=\skip87
\enit@outerparindent=\dimen191
\enit@toks=\toks31
\enit@inbox=\box63
\enit@count@id=\count327
\enitdp@description=\count328
)
(C:\Program Files\MiKTeX\tex/latex/tools\indentfirst.sty
Package: indentfirst 1995/11/23 v1.03 Indent first paragraph (DPC)
)
(C:\Program Files\MiKTeX\tex/latex/chngcntr\chngcntr.sty
Package: chngcntr 2018/04/09 v1.1a change counter resetting
Package chngcntr Info: \counterwithout already defined.
(chngcntr)             Quitting chngcntr on input line 21.
)
(C:\Program Files\MiKTeX\tex/latex/setspace\setspace.sty
Package: setspace 2022/12/04 v6.7b set line spacing
)
(C:\Program Files\MiKTeX\tex/latex/xcolor\xcolor.sty
Package: xcolor 2022/06/12 v2.14 LaTeX color extensions (UK)

(C:\Program Files\MiKTeX\tex/latex/graphics-cfg\color.cfg
File: color.cfg 2016/01/02 v1.6 sample color configuration
)
Package xcolor Info: Driver file: pdftex.def on input line 227.

(C:\Program Files\MiKTeX\tex/latex/graphics\mathcolor.ltx)
Package xcolor Info: Model `cmy' substituted by `cmy0' on input line 1353.
Package xcolor Info: Model `hsb' substituted by `rgb' on input line 1357.
Package xcolor Info: Model `RGB' extended on input line 1369.
Package xcolor Info: Model `HTML' substituted by `rgb' on input line 1371.
Package xcolor Info: Model `Hsb' substituted by `hsb' on input line 1372.
Package xcolor Info: Model `tHsb' substituted by `hsb' on input line 1373.
Package xcolor Info: Model `HSB' substituted by `hsb' on input line 1374.
Package xcolor Info: Model `Gray' substituted by `gray' on input line 1375.
Package xcolor Info: Model `wave' substituted by `hsb' on input line 1376.
)
runsystem(for ^%i in (pygmentize.exe pygmentize.bat pygmentize.cmd) do set > te
mplate_Article.aex <nul: /p x=^%~$PATH:i>> template_Article.aex)...executed.

runsystem(del template_Article.aex)...executed.

LaTeX Font Info:    Trying to load font information for T1+lmr on input line 29
.

(C:\Program Files\MiKTeX\tex/latex/lm\t1lmr.fd
File: t1lmr.fd 2015/05/01 v1.6.1 Font defs for Latin Modern
)
(C:\Program Files\MiKTeX\tex/latex/l3backend\l3backend-pdftex.def
File: l3backend-pdftex.def 2023-04-19 L3 backend support: PDF output (pdfTeX)
\l__color_backend_stack_int=\count329
\l__pdf_internal_box=\box64
)
(template_Article.aux (Wstƒôp.aux) (Pomysl.aux) (Testy.aux) (Konwertery.aux)
(Obiektowosc.aux) (Podsumowanie.aux))
\openout1 = `template_Article.aux'.

LaTeX Font Info:    Checking defaults for OML/cmm/m/it on input line 29.
LaTeX Font Info:    ... okay on input line 29.
LaTeX Font Info:    Checking defaults for OMS/cmsy/m/n on input line 29.
LaTeX Font Info:    ... okay on input line 29.
LaTeX Font Info:    Checking defaults for OT1/cmr/m/n on input line 29.
LaTeX Font Info:    ... okay on input line 29.
LaTeX Font Info:    Checking defaults for T1/cmr/m/n on input line 29.
LaTeX Font Info:    ... okay on input line 29.
LaTeX Font Info:    Checking defaults for TS1/cmr/m/n on input line 29.
LaTeX Font Info:    ... okay on input line 29.
LaTeX Font Info:    Checking defaults for OMX/cmex/m/n on input line 29.
LaTeX Font Info:    ... okay on input line 29.
LaTeX Font Info:    Checking defaults for U/cmr/m/n on input line 29.
LaTeX Font Info:    ... okay on input line 29.
LaTeX Font Info:    Checking defaults for PD1/pdf/m/n on input line 29.
LaTeX Font Info:    ... okay on input line 29.
LaTeX Font Info:    Checking defaults for PU/pdf/m/n on input line 29.
LaTeX Font Info:    ... okay on input line 29.

*geometry* driver: auto-detecting
*geometry* detected driver: pdftex
*geometry* verbose mode - [ preamble ] result:
* driver: pdftex
* paper: a4paper
* layout: <same size as paper>
* layoutoffset:(h,v)=(0.0pt,0.0pt)
* modes: 
* h-part:(L,W,R)=(81.94394pt, 433.62pt, 81.94394pt)
* v-part:(T,H,B)=(77.84674pt, 650.43pt, 116.77011pt)
* \paperwidth=597.50787pt
* \paperheight=845.04684pt
* \textwidth=433.62pt
* \textheight=650.43pt
* \oddsidemargin=9.67395pt
* \evensidemargin=9.67395pt
* \topmargin=-31.42325pt
* \headheight=12.0pt
* \headsep=25.0pt
* \topskip=12.0pt
* \footskip=30.0pt
* \marginparwidth=44.0pt
* \marginparsep=10.0pt
* \columnsep=10.0pt
* \skip\footins=10.8pt plus 4.0pt minus 2.0pt
* \hoffset=0.0pt
* \voffset=0.0pt
* \mag=1000
* \@twocolumnfalse
* \@twosidefalse
* \@mparswitchfalse
* \@reversemarginfalse
* (1in=72.27pt=25.4mm, 1cm=28.453pt)

(C:\Program Files\MiKTeX\tex/context/base/mkii\supp-pdf.mkii
[Loading MPS to PDF converter (version 2006.09.02).]
\scratchcounter=\count330
\scratchdimen=\dimen192
\scratchbox=\box65
\nofMPsegments=\count331
\nofMParguments=\count332
\everyMPshowfont=\toks32
\MPscratchCnt=\count333
\MPscratchDim=\dimen193
\MPnumerator=\count334
\makeMPintoPDFobject=\count335
\everyMPtoPDFconversion=\toks33
) (C:\Program Files\MiKTeX\tex/latex/epstopdf-pkg\epstopdf-base.sty
Package: epstopdf-base 2020-01-24 v2.11 Base part for package epstopdf
Package epstopdf-base Info: Redefining graphics rule for `.eps' on input line 4
85.

(C:\Program Files\MiKTeX\tex/latex/00miktex\epstopdf-sys.cfg
File: epstopdf-sys.cfg 2021/03/18 v2.0 Configuration of epstopdf for MiKTeX
))
Package hyperref Info: Link coloring OFF on input line 29.

(template_Article.out) (template_Article.out)
\@outlinefile=\write5
\openout5 = `template_Article.out'.

Package caption Info: Begin \AtBeginDocument code.
Package caption Info: End \AtBeginDocument code.
LaTeX Font Info:    Trying to load font information for OT1+lmr on input line 3
2.

(C:\Program Files\MiKTeX\tex/latex/lm\ot1lmr.fd
File: ot1lmr.fd 2015/05/01 v1.6.1 Font defs for Latin Modern
)
LaTeX Font Info:    Trying to load font information for OML+lmm on input line 3
2.

(C:\Program Files\MiKTeX\tex/latex/lm\omllmm.fd
File: omllmm.fd 2015/05/01 v1.6.1 Font defs for Latin Modern
)
LaTeX Font Info:    Trying to load font information for OMS+lmsy on input line 
32.

(C:\Program Files\MiKTeX\tex/latex/lm\omslmsy.fd
File: omslmsy.fd 2015/05/01 v1.6.1 Font defs for Latin Modern
)
LaTeX Font Info:    Trying to load font information for OMX+lmex on input line 
32.

(C:\Program Files\MiKTeX\tex/latex/lm\omxlmex.fd
File: omxlmex.fd 2015/05/01 v1.6.1 Font defs for Latin Modern
)
LaTeX Font Info:    External font `lmex10' loaded for size
(Font)              <14.4> on input line 32.
LaTeX Font Info:    External font `lmex10' loaded for size
(Font)              <10> on input line 32.
LaTeX Font Info:    External font `lmex10' loaded for size
(Font)              <7> on input line 32.
 [1

{C:/Users/Maciej/AppData/Local/MiKTeX/fonts/map/pdftex/pdftex.map}{C:/Program F
iles/MiKTeX/fonts/enc/dvips/lm/lm-ec.enc}]
\openout2 = `Wstƒôp.aux'.

 (Wstƒôp.tex
\openout4 = `template_Article.pyg'.

 (_minted-template_Article/default.pygstyle)
(_minted-template_Article/FCB187FDEF25D75AC89A79DE6355F7B0A7BD23D18D61B6138016C
F46A93EF066.pygtex
LaTeX Font Info:    Trying to load font information for T1+lmtt on input line 3
.
 (C:\Program Files\MiKTeX\tex/latex/lm\t1lmtt.fd
File: t1lmtt.fd 2015/05/01 v1.6.1 Font defs for Latin Modern
))
\openout4 = `template_Article.pyg'.


(_minted-template_Article/8698CE361F738FF624B46DE10C609D06A7BD23D18D61B6138016C
F46A93EF066.pygtex)
\openout4 = `template_Article.pyg'.


(_minted-template_Article/D0F6691FBB62CA07201FEEBAEA1FFB67A7BD23D18D61B6138016C
F46A93EF066.pygtex)
Overfull \hbox (7.02654pt too wide) in paragraph at lines 5--7
 []\T1/lmr/bx/n/12 Obs™ugiwane for-maty:[] \T1/lmr/m/n/12 .csv, .xlsx, .xml, .j
son. õrÛ-d™owa me-cha-nika map-pera oparta
 []


Overfull \hbox (0.7817pt too wide) in paragraph at lines 5--7
\T1/lmr/m/n/12 ten for-mat. Nie mniej jed-nak w trak-cie roz-woju pro-jektu po-
wsta™ [].
 []

LaTeX Font Info:    Trying to load font information for TS1+lmr on input line 1
3.
(C:\Program Files\MiKTeX\tex/latex/lm\ts1lmr.fd
File: ts1lmr.fd 2015/05/01 v1.6.1 Font defs for Latin Modern
)
\openout4 = `template_Article.pyg'.


(_minted-template_Article/429A9AE40938331559A717B0C23A05D7A7BD23D18D61B6138016C
F46A93EF066.pygtex)
\openout4 = `template_Article.pyg'.


(_minted-template_Article/D122E480D2FED1A8898833DF17E2FA2AA7BD23D18D61B6138016C
F46A93EF066.pygtex)
LaTeX Font Info:    External font `lmex10' loaded for size
(Font)              <12> on input line 21.
LaTeX Font Info:    External font `lmex10' loaded for size
(Font)              <8> on input line 21.
LaTeX Font Info:    External font `lmex10' loaded for size
(Font)              <6> on input line 21.
LaTeX Font Info:    External font `lmex10' loaded for size
(Font)              <5> on input line 21.
\openout4 = `template_Article.pyg'.


(_minted-template_Article/8156F8103F5F9F0BBC3B45AF8555C5FFA7BD23D18D61B6138016C
F46A93EF066.pygtex)
\openout4 = `template_Article.pyg'.


(_minted-template_Article/A6F24443C5666493E2AB18C31CE28DB8A7BD23D18D61B6138016C
F46A93EF066.pygtex)) [2

{C:/Program Files/MiKTeX/fonts/enc/dvips/lm/lm-ts1.enc}]
\openout2 = `Pomysl.aux'.

(Pomysl.tex
\openout4 = `template_Article.pyg'.


(_minted-template_Article/023704B826B8C10548A10BA9642F7744A7BD23D18D61B6138016C
F46A93EF066.pygtex)
Underfull \hbox (badness 10000) in paragraph at lines 3--5

 []


Overfull \hbox (15.00224pt too wide) in paragraph at lines 3--5
\T1/lmr/m/n/12 mocy znaku "\T1/lmr/bx/n/12 ^^C\T1/lmr/m/n/12 "informuj° nas o l
i-stach, na-to-miast war-to-±ci za-wie-ra-j°ce znak "\T1/lmr/bx/n/12 @\T1/lmr/m
/n/12 "wskazuj°
 []

<materia≈Çy/st-oc.png, id=120, 541.02126pt x 158.5925pt>
File: materia≈Çy/st-oc.png Graphic file (type png)
<use materia≈Çy/st-oc.png>
Package pdftex.def Info: materia≈Çy/st-oc.png  used on input line 12.
(pdftex.def)             Requested size: 346.89731pt x 101.69pt.
\openout3 = `template_Article.pyg'.


(_minted-template_Article/ACE562449C211376F70701548D1E48101EEFC1DC0DDE914B269AD
C4CA402334E.pygtex)

Package caption Warning: The option `hypcap=true' will be ignored for this
(caption)                particular \caption on input line 33.
See the caption package documentation for explanation.

Package hyperref Info: bookmark level for unknown listing defaults to 0 on inpu
t line 33.
\openout3 = `template_Article.pyg'.


(_minted-template_Article/F6CE3F00B6334F66164A7C6826D208FF1EEFC1DC0DDE914B269AD
C4CA402334E.pygtex)

Package caption Warning: The option `hypcap=true' will be ignored for this
(caption)                particular \caption on input line 55.
See the caption package documentation for explanation.

\openout4 = `template_Article.pyg'.


(_minted-template_Article/8156F8103F5F9F0BBC3B45AF8555C5FFA7BD23D18D61B6138016C
F46A93EF066.pygtex)
\openout4 = `template_Article.pyg'.


(_minted-template_Article/A6F24443C5666493E2AB18C31CE28DB8A7BD23D18D61B6138016C
F46A93EF066.pygtex)
Overfull \hbox (7.1048pt too wide) in paragraph at lines 59--60
\T1/lmr/m/n/12 trait [] oraz wy-wo-™y-wa¢ po-zy-skan° me-tod¶ []. 
 []

\openout3 = `template_Article.pyg'.


(_minted-template_Article/16805DC04B0B940EE35D55BDD14805E6A7BD23D18D61B6138016C
F46A93EF066.pygtex [3



 <./materia≈Çy/st-oc.png (PNG copy)>]
LaTeX Font Info:    Font shape `T1/lmtt/bx/n' in size <10> not available
(Font)              Font shape `T1/lmtt/b/n' tried instead on input line 3.
LaTeX Font Info:    Trying to load font information for TS1+lmtt on input line 
3.

(C:\Program Files\MiKTeX\tex/latex/lm\ts1lmtt.fd
File: ts1lmtt.fd 2015/05/01 v1.6.1 Font defs for Latin Modern
))

Package caption Warning: The option `hypcap=true' will be ignored for this
(caption)                particular \caption on input line 102.
See the caption package documentation for explanation.

\openout4 = `template_Article.pyg'.


(_minted-template_Article/F2398C9AB7E455D94D6267048D534D0CA7BD23D18D61B6138016C
F46A93EF066.pygtex)
\openout4 = `template_Article.pyg'.


(_minted-template_Article/429A9AE40938331559A717B0C23A05D7A7BD23D18D61B6138016C
F46A93EF066.pygtex)
\openout4 = `template_Article.pyg'.


(_minted-template_Article/D122E480D2FED1A8898833DF17E2FA2AA7BD23D18D61B6138016C
F46A93EF066.pygtex)
\openout3 = `template_Article.pyg'.


(_minted-template_Article/89476CAE3EB3863E7777F95E83E74B12A7BD23D18D61B6138016C
F46A93EF066.pygtex)

Package caption Warning: The option `hypcap=true' will be ignored for this
(caption)                particular \caption on input line 126.
See the caption package documentation for explanation.

\openout3 = `template_Article.pyg'.


(_minted-template_Article/404C2729BA690A52AB87C69A33C5E09AA7BD23D18D61B6138016C
F46A93EF066.pygtex [4])

Package caption Warning: The option `hypcap=true' will be ignored for this
(caption)                particular \caption on input line 152.
See the caption package documentation for explanation.

) [5]
\openout2 = `Testy.aux'.

 (Testy.tex
\openout4 = `template_Article.pyg'.


(_minted-template_Article/2EEC3B2A04B87F7E92F323A4EBBFC37DA7BD23D18D61B6138016C
F46A93EF066.pygtex)
\openout4 = `template_Article.pyg'.


(_minted-template_Article/D4866CD84FA2E28C335A236195802CE6A7BD23D18D61B6138016C
F46A93EF066.pygtex)
\openout4 = `template_Article.pyg'.


(_minted-template_Article/2205E48DE5F93C784733FFCCA841D2B5A7BD23D18D61B6138016C
F46A93EF066.pygtex)
\openout4 = `template_Article.pyg'.


(_minted-template_Article/EA594C21B25DA739BF11C0A9AABA1AFEA7BD23D18D61B6138016C
F46A93EF066.pygtex)
\openout4 = `template_Article.pyg'.


(_minted-template_Article/71C3A883A8ED775A7E4FCC3F614A3BEBA7BD23D18D61B6138016C
F46A93EF066.pygtex)
\openout4 = `template_Article.pyg'.


(_minted-template_Article/BCFB551F7AE24945A085849DDEAE712DA7BD23D18D61B6138016C
F46A93EF066.pygtex)
<materia≈Çy/raport.png, id=146, 638.385pt x 216.81pt>
File: materia≈Çy/raport.png Graphic file (type png)
<use materia≈Çy/raport.png>
Package pdftex.def Info: materia≈Çy/raport.png  used on input line 6.
(pdftex.def)             Requested size: 390.25534pt x 132.5384pt.
<materia≈Çy/student.png, id=148, 236.885pt x 182.6825pt>
File: materia≈Çy/student.png Graphic file (type png)
<use materia≈Çy/student.png>
Package pdftex.def Info: materia≈Çy/student.png  used on input line 15.
(pdftex.def)             Requested size: 130.08731pt x 100.32515pt.
\openout3 = `template_Article.pyg'.


(_minted-template_Article/78D88441CD3B744363600BBE5A27E6AD1EEFC1DC0DDE914B269AD
C4CA402334E.pygtex)

Package caption Warning: The option `hypcap=true' will be ignored for this
(caption)                particular \caption on input line 36.
See the caption package documentation for explanation.

\openout3 = `template_Article.pyg'.


(_minted-template_Article/05EFCAF3B1D9EADB692890361252ABCBA7BD23D18D61B6138016C
F46A93EF066.pygtex [6



 <./materia≈Çy/raport.png> <./materia≈Çy/student.png (PNG copy)>])

Package caption Warning: The option `hypcap=true' will be ignored for this
(caption)                particular \caption on input line 77.
See the caption package documentation for explanation.

\openout3 = `template_Article.pyg'.


(_minted-template_Article/D0A99B647218298A8C4DADC454381780A7BD23D18D61B6138016C
F46A93EF066.pygtex)

Package caption Warning: The option `hypcap=true' will be ignored for this
(caption)                particular \caption on input line 106.
See the caption package documentation for explanation.

\openout4 = `template_Article.pyg'.


(_minted-template_Article/A6BC857C9461D399A8648D8CCD1158A0A7BD23D18D61B6138016C
F46A93EF066.pygtex)
\openout4 = `template_Article.pyg'.


(_minted-template_Article/0CBB7529BCD2FBBFF1FF715048C47FEFA7BD23D18D61B6138016C
F46A93EF066.pygtex)
\openout4 = `template_Article.pyg'.


(_minted-template_Article/494D45B71A08066F5CEC56C3CA2C2B44A7BD23D18D61B6138016C
F46A93EF066.pygtex) [7{C:/Program Files/MiKTeX/fonts/enc/dvips/lm/lm-mathit.enc
}{C:/Program Files/MiKTeX/fonts/enc/dvips/lm/lm-mathsy.enc}]
<materia≈Çy/kopie.png, id=166, 618.31pt x 142.5325pt>
File: materia≈Çy/kopie.png Graphic file (type png)
<use materia≈Çy/kopie.png>
Package pdftex.def Info: materia≈Çy/kopie.png  used on input line 114.
(pdftex.def)             Requested size: 325.215pt x 74.96986pt.
\openout3 = `template_Article.pyg'.


(_minted-template_Article/CB350D5F116AA041ADF0AD97BB6AA1061EEFC1DC0DDE914B269AD
C4CA402334E.pygtex)

Package caption Warning: The option `hypcap=true' will be ignored for this
(caption)                particular \caption on input line 134.
See the caption package documentation for explanation.

\openout3 = `template_Article.pyg'.


(_minted-template_Article/6C9AF9947DF7DD7FBC88C38E958A7D5E1EEFC1DC0DDE914B269AD
C4CA402334E.pygtex)

Package caption Warning: The option `hypcap=true' will be ignored for this
(caption)                particular \caption on input line 155.
See the caption package documentation for explanation.

<materia≈Çy/sam_student.png, id=167, 260.975pt x 165.61874pt>
File: materia≈Çy/sam_student.png Graphic file (type png)
<use materia≈Çy/sam_student.png>
Package pdftex.def Info: materia≈Çy/sam_student.png  used on input line 163.
(pdftex.def)             Requested size: 151.76964pt x 96.3167pt.
\openout3 = `template_Article.pyg'.


(_minted-template_Article/FC2808AAC2B58DE18C577D3164EC47551EEFC1DC0DDE914B269AD
C4CA402334E.pygtex)

Package caption Warning: The option `hypcap=true' will be ignored for this
(caption)                particular \caption on input line 183.
See the caption package documentation for explanation.

File: materia≈Çy/st-oc.png Graphic file (type png)
<use materia≈Çy/st-oc.png>
Package pdftex.def Info: materia≈Çy/st-oc.png  used on input line 191.
(pdftex.def)             Requested size: 303.53267pt x 88.97815pt.
[8 <./materia≈Çy/kopie.png (PNG copy)> <./materia≈Çy/sam_student.png (PNG copy)
>]
\openout4 = `template_Article.pyg'.


(_minted-template_Article/715FFBFAAD3674799824684172B215A6A7BD23D18D61B6138016C
F46A93EF066.pygtex)
\openout4 = `template_Article.pyg'.


(_minted-template_Article/A52466483B001104D4E8943C26343BA8A7BD23D18D61B6138016C
F46A93EF066.pygtex)
<materia≈Çy/dziedziczenie.png, id=177, 812.03375pt x 158.5925pt>
File: materia≈Çy/dziedziczenie.png Graphic file (type png)
<use materia≈Çy/dziedziczenie.png>
Package pdftex.def Info: materia≈Çy/dziedziczenie.png  used on input line 203.
(pdftex.def)             Requested size: 355.57156pt x 69.44211pt.
\openout3 = `template_Article.pyg'.


(_minted-template_Article/5CCF55BEE3EEB21F843240EE0AE120B1A7BD23D18D61B6138016C
F46A93EF066.pygtex)

Package caption Warning: The option `hypcap=true' will be ignored for this
(caption)                particular \caption on input line 232.
See the caption package documentation for explanation.

\openout3 = `template_Article.pyg'.


(_minted-template_Article/80A6C6D4F4B2D801F413AF81BEF2F7A21EEFC1DC0DDE914B269AD
C4CA402334E.pygtex [9 <./materia≈Çy/dziedziczenie.png (PNG copy)>])

Package caption Warning: The option `hypcap=true' will be ignored for this
(caption)                particular \caption on input line 251.
See the caption package documentation for explanation.

<materia≈Çy/kompozycja2.png, id=185, 516.93124pt x 158.5925pt>
File: materia≈Çy/kompozycja2.png Graphic file (type png)
<use materia≈Çy/kompozycja2.png>
Package pdftex.def Info: materia≈Çy/kompozycja2.png  used on input line 260.
(pdftex.def)             Requested size: 303.53267pt x 93.1259pt.
\openout3 = `template_Article.pyg'.


(_minted-template_Article/088163A0DEFECCC62D94470D16539DA8A7BD23D18D61B6138016C
F46A93EF066.pygtex)

Package caption Warning: The option `hypcap=true' will be ignored for this
(caption)                particular \caption on input line 289.
See the caption package documentation for explanation.

\openout3 = `template_Article.pyg'.


(_minted-template_Article/63515C8C43A2E8429DAB0C8E641E04441EEFC1DC0DDE914B269AD
C4CA402334E.pygtex)

Package caption Warning: The option `hypcap=true' will be ignored for this
(caption)                particular \caption on input line 308.
See the caption package documentation for explanation.

\openout3 = `template_Article.pyg'.


(_minted-template_Article/58967DC2F5A755E7D064D1147C7A19461EEFC1DC0DDE914B269AD
C4CA402334E.pygtex)

Package caption Warning: The option `hypcap=true' will be ignored for this
(caption)                particular \caption on input line 327.
See the caption package documentation for explanation.

[10 <./materia≈Çy/kompozycja2.png (PNG copy)>]
<materia≈Çy/relacje.png, id=195, 332.24126pt x 120.45pt>
File: materia≈Çy/relacje.png Graphic file (type png)
<use materia≈Çy/relacje.png>
Package pdftex.def Info: materia≈Çy/relacje.png  used on input line 335.
(pdftex.def)             Requested size: 216.81pt x 78.60216pt.
\openout3 = `template_Article.pyg'.


(_minted-template_Article/EAAD8E7A3D9905F9B7F92B92A400731AA7BD23D18D61B6138016C
F46A93EF066.pygtex)

Package caption Warning: The option `hypcap=true' will be ignored for this
(caption)                particular \caption on input line 356.
See the caption package documentation for explanation.

) [11 <./materia≈Çy/relacje.png (PNG copy)>]
\openout2 = `Konwertery.aux'.

 (Konwertery.tex
\openout4 = `template_Article.pyg'.


(_minted-template_Article/FCB187FDEF25D75AC89A79DE6355F7B0A7BD23D18D61B6138016C
F46A93EF066.pygtex)
<materia≈Çy/hierarchia.png, id=202, 860.21375pt x 169.63374pt>
File: materia≈Çy/hierarchia.png Graphic file (type png)
<use materia≈Çy/hierarchia.png>
Package pdftex.def Info: materia≈Çy/hierarchia.png  used on input line 6.
(pdftex.def)             Requested size: 433.62pt x 85.51035pt.
\openout4 = `template_Article.pyg'.


(_minted-template_Article/28166CACD8A54D5AEA732E0F806B9875A7BD23D18D61B6138016C
F46A93EF066.pygtex)
\openout4 = `template_Article.pyg'.


(_minted-template_Article/D0F6691FBB62CA07201FEEBAEA1FFB67A7BD23D18D61B6138016C
F46A93EF066.pygtex)
\openout3 = `template_Article.pyg'.


(_minted-template_Article/F0F677AAFABC8BDA866E789076A8C3D0A7BD23D18D61B6138016C
F46A93EF066.pygtex)

Package caption Warning: The option `hypcap=true' will be ignored for this
(caption)                particular \caption on input line 35.
See the caption package documentation for explanation.

[12



 <./materia≈Çy/hierarchia.png (PNG copy)>]
\openout3 = `template_Article.pyg'.


(_minted-template_Article/47A2CD9E486EBD7992A404D6E81BEDC7A7BD23D18D61B6138016C
F46A93EF066.pygtex)

Package caption Warning: The option `hypcap=true' will be ignored for this
(caption)                particular \caption on input line 73.
See the caption package documentation for explanation.

\openout4 = `template_Article.pyg'.


(_minted-template_Article/2689D3B0867087E6D3BF1FA623311B90A7BD23D18D61B6138016C
F46A93EF066.pygtex)
\openout3 = `template_Article.pyg'.


(_minted-template_Article/94E2733287B7E7A7054CDBAAB096C2744536173A171ADED6379F9
DC4CDA6B547.pygtex)

Package caption Warning: The option `hypcap=true' will be ignored for this
(caption)                particular \caption on input line 106.
See the caption package documentation for explanation.

\openout3 = `template_Article.pyg'.


(_minted-template_Article/45376A0D77F4AB210E5FBA83CBD87AA44536173A171ADED6379F9
DC4CDA6B547.pygtex [13])

Package caption Warning: The option `hypcap=true' will be ignored for this
(caption)                particular \caption on input line 138.
See the caption package documentation for explanation.

\openout3 = `template_Article.pyg'.


(_minted-template_Article/A3332013AE0A038FE36F0D71FF184070A7BD23D18D61B6138016C
F46A93EF066.pygtex)

Package caption Warning: The option `hypcap=true' will be ignored for this
(caption)                particular \caption on input line 179.
See the caption package documentation for explanation.

[14]
\openout3 = `template_Article.pyg'.


(_minted-template_Article/017A8CEB3117C94BF0AEF5EA0664DDEDA7BD23D18D61B6138016C
F46A93EF066.pygtex)

Package caption Warning: The option `hypcap=true' will be ignored for this
(caption)                particular \caption on input line 222.
See the caption package documentation for explanation.

\openout3 = `template_Article.pyg'.


(_minted-template_Article/8FB84A2736D2A0283E0C41B8668DEDC965EA189340D7A58C3A022
01F5E5D04AA.pygtex)

Package caption Warning: The option `hypcap=true' will be ignored for this
(caption)                particular \caption on input line 248.
See the caption package documentation for explanation.

\openout3 = `template_Article.pyg'.


(_minted-template_Article/2DC895F7679C7A8F263031628EEF5AE365EA189340D7A58C3A022
01F5E5D04AA.pygtex [15])

Package caption Warning: The option `hypcap=true' will be ignored for this
(caption)                particular \caption on input line 273.
See the caption package documentation for explanation.

\openout3 = `template_Article.pyg'.


(_minted-template_Article/44C362C201DAFD21582E2A0269E0FC99A7BD23D18D61B6138016C
F46A93EF066.pygtex)

Package caption Warning: The option `hypcap=true' will be ignored for this
(caption)                particular \caption on input line 308.
See the caption package documentation for explanation.

\openout4 = `template_Article.pyg'.


(_minted-template_Article/D4C35F2BBD942536E36D996B0AC6E565A7BD23D18D61B6138016C
F46A93EF066.pygtex)
\openout4 = `template_Article.pyg'.


(_minted-template_Article/29F4939D874BAF2BDDFB3630CEED048AA7BD23D18D61B6138016C
F46A93EF066.pygtex)
\openout4 = `template_Article.pyg'.


(_minted-template_Article/E652B33C60A8EDD515DE3EC4F9D4238C4A61B444E63FDD61A8F8C
0D40F633B1E.pygtex)
\openout4 = `template_Article.pyg'.


(_minted-template_Article/4F9160C0CE15E179412167AE211BEFEC4A61B444E63FDD61A8F8C
0D40F633B1E.pygtex)
\openout4 = `template_Article.pyg'.


(_minted-template_Article/2BFFC414FEDCB3EBAD873873046619084A61B444E63FDD61A8F8C
0D40F633B1E.pygtex)
Underfull \hbox (badness 10000) in paragraph at lines 312--317

 []

[16]
<materia≈Çy/excel1.png, id=236, 408.02437pt x 234.8775pt>
File: materia≈Çy/excel1.png Graphic file (type png)
<use materia≈Çy/excel1.png>
Package pdftex.def Info: materia≈Çy/excel1.png  used on input line 320.
(pdftex.def)             Requested size: 390.25534pt x 224.6591pt.
<materia≈Çy/excel2.png, id=237, 852.93657pt x 41.4047pt>
File: materia≈Çy/excel2.png Graphic file (type png)
<use materia≈Çy/excel2.png>
Package pdftex.def Info: materia≈Çy/excel2.png  used on input line 326.
(pdftex.def)             Requested size: 433.62pt x 21.04976pt.
<materia≈Çy/excel3.png, id=238, 310.91156pt x 57.21375pt>
File: materia≈Çy/excel3.png Graphic file (type png)
<use materia≈Çy/excel3.png>
Package pdftex.def Info: materia≈Çy/excel3.png  used on input line 332.
(pdftex.def)             Requested size: 303.53267pt x 55.85605pt.
) [17 <./materia≈Çy/excel1.png> <./materia≈Çy/excel2.png> <./materia≈Çy/excel3.
png>]
\openout2 = `Obiektowosc.aux'.

 (Obiektowosc.tex
<materia≈Çy/strategia.png, id=249, 483.8075pt x 359.3425pt>
File: materia≈Çy/strategia.png Graphic file (type png)
<use materia≈Çy/strategia.png>
Package pdftex.def Info: materia≈Çy/strategia.png  used on input line 8.
(pdftex.def)             Requested size: 281.85034pt x 209.35092pt.
 [18



 <./materia≈Çy/strategia.png (PNG copy)>]
<materia≈Çy/iterator.png, id=255, 419.5675pt x 392.46625pt>
File: materia≈Çy/iterator.png Graphic file (type png)
<use materia≈Çy/iterator.png>
Package pdftex.def Info: materia≈Çy/iterator.png  used on input line 19.
(pdftex.def)             Requested size: 260.17464pt x 243.36847pt.
<materia≈Çy/lancuch.png, id=256, 666.49pt x 144.54pt>
File: materia≈Çy/lancuch.png Graphic file (type png)
<use materia≈Çy/lancuch.png>
Package pdftex.def Info: materia≈Çy/lancuch.png  used on input line 30.
(pdftex.def)             Requested size: 433.62pt x 94.0403pt.

Overfull \hbox (1.62567pt too wide) in paragraph at lines 35--36
\T1/lmr/m/n/12 obiek-tach opa-ko-wu-j°-cych, ktÛre za-wie-raj° od-po-wied-nie z
a-cho-wa-nia. Dzi¶ki temu wzor-
 []

[19 <./materia≈Çy/iterator.png (PNG copy)>]
<materia≈Çy/dekorator.png, id=265, 330.23375pt x 111.41624pt>
File: materia≈Çy/dekorator.png Graphic file (type png)
<use materia≈Çy/dekorator.png>
Package pdftex.def Info: materia≈Çy/dekorator.png  used on input line 39.
(pdftex.def)             Requested size: 173.44534pt x 58.5199pt.
) [20 <./materia≈Çy/lancuch.png (PNG copy)> <./materia≈Çy/dekorator.png (PNG co
py)>]
\openout2 = `Podsumowanie.aux'.

 (Podsumowanie.tex) [21



]
(template_Article.aux (Wstƒôp.aux) (Pomysl.aux) (Testy.aux) (Konwertery.aux)
(Obiektowosc.aux) (Podsumowanie.aux))
 ***********
LaTeX2e <2023-06-01> patch level 1
L3 programming layer <2023-08-29>
 ***********
Package rerunfilecheck Info: File `template_Article.out' has not changed.
(rerunfilecheck)             Checksum: 82E1652514CBEED20A52C0D3C8EB1796;3594.
runsystem(del template_Article.pyg)...executed.

 ) 
Here is how much of TeX's memory you used:
 17885 strings out of 475248
 341615 string characters out of 5767624
 1932785 words of memory out of 5000000
 38803 multiletter control sequences out of 15000+600000
 624072 words of font info for 79 fonts, out of 8000000 for 9000
 1141 hyphenation exceptions out of 8191
 77i,9n,81p,1443b,916s stack positions out of 10000i,1000n,20000p,200000b,200000s

pdfTeX warning (dest): name{Hfootnote.2} has been referenced but does not exist
, replaced by a fixed one


pdfTeX warning (dest): name{Hfootnote.1} has been referenced but does not exist
, replaced by a fixed one

<C:/Program Files/MiKTeX/fonts/type1/public/lm/lmbx12.pfb><C:/Program Files/MiK
TeX/fonts/type1/public/lm/lmmi6.pfb><C:/Program Files/MiKTeX/fonts/type1/public
/lm/lmr10.pfb><C:/Program Files/MiKTeX/fonts/type1/public/lm/lmr12.pfb><C:/Prog
ram Files/MiKTeX/fonts/type1/public/lm/lmr17.pfb><C:/Program Files/MiKTeX/fonts
/type1/public/lm/lmr6.pfb><C:/Program Files/MiKTeX/fonts/type1/public/lm/lmr7.p
fb><C:/Program Files/MiKTeX/fonts/type1/public/lm/lmr8.pfb><C:/Program Files/Mi
KTeX/fonts/type1/public/lm/lmri12.pfb><C:/Program Files/MiKTeX/fonts/type1/publ
ic/lm/lmsy6.pfb><C:/Program Files/MiKTeX/fonts/type1/public/lm/lmtk10.pfb><C:/P
rogram Files/MiKTeX/fonts/type1/public/lm/lmtt10.pfb><C:/Program Files/MiKTeX/f
onts/type1/public/lm/lmtt12.pfb><C:/Program Files/MiKTeX/fonts/type1/public/lm/
lmtti10.pfb>
Output written on template_Article.pdf (21 pages, 761948 bytes).
PDF statistics:
 370 PDF objects out of 1000 (max. 8388607)
 103 named destinations out of 1000 (max. 500000)
 265 words of extra memory for PDF output out of 10000 (max. 10000000)

