\BOOKMARK [1][-]{section.1}{\376\377\000W\000s\000t\001\031\000p}{}% 1
\BOOKMARK [1][-]{section.2}{\376\377\000K\000o\000n\000c\000e\000p\000c\000j\000a\000\040\000m\000a\000p\000o\000w\000a\000n\000i\000a\000\040\000o\000b\000i\000e\000k\000t\000\363\000w\000\040\000n\000a\000\040\000f\000o\000r\000m\000a\000t\000\040\000C\000S\000V}{}% 2
\BOOKMARK [1][-]{section.3}{\376\377\000W\000y\000k\000o\000r\000z\000y\000s\000t\000a\000n\000i\000e}{}% 3
\BOOKMARK [1][-]{section.4}{\376\377\000T\000e\000s\000t\000y\000\040\000j\000e\000d\000n\000o\000s\000t\000k\000o\000w\000e}{}% 4
\BOOKMARK [2][-]{subsection.4.1}{\376\377\000T\000e\000s\000t\000\040\000s\000e\000r\000i\000a\000l\000i\000z\000a\000c\000j\000i\000\040\000o\000b\000i\000e\000k\000t\000\363\000w}{section.4}% 5
\BOOKMARK [2][-]{subsection.4.2}{\376\377\000T\000e\000s\000t\000\040\000s\000e\000r\000i\000a\000l\000i\000z\000a\000c\000j\000i\000\040\000t\000y\000p\000\363\000w}{section.4}% 6
\BOOKMARK [2][-]{subsection.4.3}{\376\377\000T\000e\000s\000t\000\040\000k\000o\000p\000i\000i\000\040\000o\000b\000i\000e\000k\000t\000\363\000w}{section.4}% 7
\BOOKMARK [2][-]{subsection.4.4}{\376\377\000T\000e\000s\000t\000\040\000s\000e\000r\000i\000a\000l\000i\000z\000a\000c\000j\000i\000\040\000l\000i\000s\000t}{section.4}% 8
\BOOKMARK [2][-]{subsection.4.5}{\376\377\000T\000e\000s\000t\000\040\000s\000e\000r\000i\000a\000l\000i\000z\000a\000c\000j\000i\000\040\000l\000i\000s\000t\000\040\000o\000b\000i\000e\000k\000t\000\363\000w}{section.4}% 9
\BOOKMARK [2][-]{subsection.4.6}{\376\377\000T\000e\000s\000t\000\040\000-\000\040\000d\000z\000i\000e\000d\000z\000i\000c\000z\000e\000n\000i\000e}{section.4}% 10
\BOOKMARK [2][-]{subsection.4.7}{\376\377\000T\000e\000s\000t\000\040\000-\000\040\000k\000o\000m\000p\000o\000z\000y\000c\000j\000a}{section.4}% 11
\BOOKMARK [2][-]{subsection.4.8}{\376\377\000T\000e\000s\000t\000\040\000r\000e\000l\000a\000c\000j\000i\000\040\000c\000y\000k\000l\000i\000c\000z\000n\000y\000c\000h}{section.4}% 12
\BOOKMARK [1][-]{section.5}{\376\377\000M\000a\000p\000p\000e\000r\000y\000\040\000n\000a\000\040\000i\000n\000n\000e\000\040\000f\000o\000r\000m\000a\000t\000y}{}% 13
\BOOKMARK [2][-]{subsection.5.1}{\376\377\000C\000S\000V\000E\000x\000t\000e\000n\000s\000i\000o\000n\000P\000r\000o\000v\000i\000d\000e\000r}{section.5}% 14
\BOOKMARK [2][-]{subsection.5.2}{\376\377\000X\000M\000L\000E\000x\000t\000e\000n\000s\000i\000o\000n\000P\000r\000o\000v\000i\000d\000e\000r}{section.5}% 15
\BOOKMARK [2][-]{subsection.5.3}{\376\377\000J\000S\000O\000N\000E\000x\000t\000e\000n\000s\000i\000o\000n\000P\000r\000o\000v\000i\000d\000e\000r}{section.5}% 16
\BOOKMARK [2][-]{subsection.5.4}{\376\377\000X\000L\000S\000E\000x\000t\000e\000n\000s\000i\000o\000n\000P\000r\000o\000v\000i\000d\000e\000r}{section.5}% 17
\BOOKMARK [1][-]{section.6}{\376\377\000W\000y\000k\000o\000r\000z\000y\000s\000t\000a\000n\000e\000\040\000w\000z\000o\000r\000c\000e\000\040\000p\000r\000o\000j\000e\000k\000t\000o\000w\000e}{}% 18
\BOOKMARK [2][-]{subsection.6.1}{\376\377\000S\000t\000r\000a\000t\000e\000g\000i\000a}{section.6}% 19
\BOOKMARK [2][-]{subsection.6.2}{\376\377\000I\000t\000e\000r\000a\000t\000o\000r}{section.6}% 20
\BOOKMARK [2][-]{subsection.6.3}{\376\377\001\101\000a\001\104\000c\000u\000c\000h\000\040\000z\000o\000b\000o\000w\000i\001\005\000z\000a\001\104}{section.6}% 21
\BOOKMARK [2][-]{subsection.6.4}{\376\377\000D\000e\000k\000o\000r\000a\000t\000r\000o\000r}{section.6}% 22
\BOOKMARK [1][-]{section.7}{\376\377\000P\000o\000d\000s\000u\000m\000o\000w\000a\000n\000i\000e}{}% 23
